Tue Sep 28 10:28:43 2021 : random seed set to 2
Tue Sep 28 10:40:52 2021 : random seed set to 1
Wed Sep 29 08:31:36 2021 : random seed set to 1
FAATyp1_	0.05	0.1307	1	0.05
Elapsed time between calls to mark_time(): 4.24456 seconds.
5	0.1307	1	0.05
Elapsed time between calls to mark_time(): 4.36125 seconds.
5	0.1307	1	0.05
Elapsed time between calls to mark_time(): 4.48099 seconds.
5	0.1307	1	0.05
Elapsed time between calls to mark_time(): 4.38962 seconds.
5	0.1307	1	0.05
Elapsed time between calls to mark_time(): 4.34737 seconds.
5	0.1307	1	0.05
Elapsed time between calls to mark_time(): 4.37446 seconds.
5	0.1307	1	0.05
Elapsed time between calls to mark_time(): 4.33976 seconds.
5	0.1307	1	0.05
Elapsed time between calls to mark_time(): 4.39587 seconds.
5	0.1307	1	0.05
Elapsed time between calls to mark_time(): 4.17192 seconds.
5	0.1307	1	0.05
Elapsed time between calls to mark_time(): 4.31727 seconds.
5	0.1307	1	0.05
Elapsed time between calls to mark_time(): 4.47314 seconds.
5	0.1307	1	0.05
Elapsed time between calls to mark_time(): 4.42961 seconds.
5	0.1307	1	0.05
Elapsed time between calls to mark_time(): 4.29671 seconds.
5	0.1307	1	0.05
Elapsed time between calls to mark_time(): 4.21306 seconds.
5	0.1307	1	0.05
Elapsed time between calls to mark_time(): 4.56015 seconds.
5	0.1307	1	0.05
Elapsed time between calls to mark_time(): 4.5954 seconds.
05	0.1307	1	0.05
Elapsed time between calls to mark_time(): 4.5278 seconds.

5	0.1307	1	0.05
Elapsed time between calls to mark_time(): 4.5064 seconds.
05	0.1307	1	0.05
Elapsed time between calls to mark_time(): 4.57437 seconds.
5	0.1307	1	0.05
Elapsed time between calls to mark_time(): 4.67898 seconds.
5	0.1307	1	0.05
Elapsed time between calls to mark_time(): 4.67472 seconds.
5	0.1307	1	0.05
Elapsed time between calls to mark_time(): 4.58556 seconds.
5	0.1307	1	0.05
Elapsed time between calls to mark_time(): 4.52283 seconds.
5	0.1307	1	0.05
Elapsed time between calls to mark_time(): 4.55652 seconds.
5	0.1307	1	0.05
Elapsed time between calls to mark_time(): 4.6975 seconds.

5	0.1307	1	0.05
Elapsed time between calls to mark_time(): 4.62559 seconds.
5	0.1307	1	0.05
Elapsed time between calls to mark_time(): 4.65943 seconds.
5	0.1307	1	0.05
Elapsed time between calls to mark_time(): 4.64636 seconds.
8:32:08 2021 : raElapsed time between calls to mark_time(): 4.74883 seconds.
 between calls toElapsed time between calls to mark_time(): 4.74582 seconds.
5	0.1307	1	0.05
Elapsed time between calls to mark_time(): 4.59491 seconds.
5	0.1307	1	0.05
Elapsed time between calls to mark_time(): 4.42434 seconds.
5	0.1307	1	0.05
Elapsed time between calls to mark_time(): 4.98997 seconds.
5	0.1307	1	0.05
Elapsed time between calls to mark_time(): 4.90424 seconds.
5	0.1307	1	0.05
Elapsed time between calls to mark_time(): 4.4428 seconds.
05	0.1307	1	0.05
Elapsed time between calls to mark_time(): 5.03123 seconds.
5	0.1307	1	0.05
Elapsed time between calls to mark_time(): 4.97443 seconds.
5	0.1307	1	0.05
Elapsed time between calls to mark_time(): 4.92502 seconds.
5	0.1307	1	0.05
Elapsed time between calls to mark_time(): 4.88683 seconds.
5	0.1307	1	0.05
Elapsed time between calls to mark_time(): 4.51027 seconds.
5	0.1307	1	0.05
Elapsed time between calls to mark_time(): 4.45124 seconds.
5	0.1307	1	0.05
Elapsed time between calls to mark_time(): 4.51991 seconds.
5	0.1307	1	0.05
Elapsed time between calls to mark_time(): 4.44809 seconds.
5	0.1307	1	0.05
Elapsed time between calls to mark_time(): 4.82624 seconds.
5	0.1307	1	0.05
Elapsed time between calls to mark_time(): 4.513 seconds.
.05	0.1307	1	0.05
Elapsed time between calls to mark_time(): 4.6028 seconds.
05	0.1307	1	0.05
Elapsed time between calls to mark_time(): 4.32521 seconds.
5	0.1307	1	0.05
Elapsed time between calls to mark_time(): 4.80829 seconds.
5	0.1307	1	0.05
Elapsed time between calls to mark_time(): 4.66927 seconds.
5	0.1307	1	0.05
Elapsed time between calls to mark_time(): 4.36499 seconds.
5	0.1307	1	0.05
Elapsed time between calls to mark_time(): 4.63047 seconds.
5	0.1307	1	0.05
Elapsed time between calls to mark_time(): 4.54209 seconds.
5	0.1307	1	0.05
Elapsed time between calls to mark_time(): 4.5274 seconds.
05	0.1307	1	0.05
Elapsed time between calls to mark_time(): 4.53524 seconds.
5	0.1307	1	0.05
Elapsed time between calls to mark_time(): 4.67574 seconds.
5	0.1307	1	0.05
Elapsed time between calls to mark_time(): 4.6418 seconds.

5	0.1307	1	0.05
Elapsed time between calls to mark_time(): 4.52872 seconds.
5	0.1307	1	0.05
Elapsed time between calls to mark_time(): 4.6162 seconds.
05	0.1307	1	0.05
Elapsed time between calls to mark_time(): 4.43103 seconds.
5	0.1307	1	0.05
Elapsed time between calls to mark_time(): 4.60699 seconds.
5	0.1307	1	0.05
Elapsed time between calls to mark_time(): 4.53217 seconds.
5	0.1307	1	0.05
Elapsed time between calls to mark_time(): 4.45831 seconds.
5	0.1307	1	0.05
Elapsed time between calls to mark_time(): 4.49337 seconds.
5	0.1307	1	0.05
Elapsed time between calls to mark_time(): 4.5094 seconds.
05	0.1307	1	0.05
Elapsed time between calls to mark_time(): 4.54733 seconds.
5	0.1307	1	0.05
Elapsed time between calls to mark_time(): 4.4466 seconds.
05	0.1307	1	0.05
Elapsed time between calls to mark_time(): 4.41955 seconds.
5	0.1307	1	0.05
Elapsed time between calls to mark_time(): 4.91645 seconds.
5	0.1307	1	0.05
Elapsed time between calls to mark_time(): 4.87732 seconds.
5	0.1307	1	0.05
Elapsed time between calls to mark_time(): 4.83244 seconds.
5	0.1307	1	0.05
Elapsed time between calls to mark_time(): 4.87134 seconds.
5	0.1307	1	0.05
Elapsed time between calls to mark_time(): 4.46731 seconds.
5	0.1307	1	0.05
Elapsed time between calls to mark_time(): 4.62097 seconds.
5	0.1307	1	0.05
Elapsed time between calls to mark_time(): 4.65877 seconds.
5	0.1307	1	0.05
Elapsed time between calls to mark_time(): 4.39605 seconds.
5	0.1307	1	0.05
Elapsed time between calls to mark_time(): 4.52214 seconds.
5	0.1307	1	0.05
Elapsed time between calls to mark_time(): 4.42761 seconds.
5	0.1307	1	0.05
Elapsed time between calls to mark_time(): 4.40553 seconds.
5	0.1307	1	0.05
Elapsed time between calls to mark_time(): 4.36087 seconds.
5	0.1307	1	0.05
Elapsed time between calls to mark_time(): 4.5755 seconds.
05	0.1307	1	0.05
Elapsed time between calls to mark_time(): 4.53093 seconds.
5	0.1307	1	0.05
Elapsed time between calls to mark_time(): 4.60154 seconds.
5	0.1307	1	0.05
Elapsed time between calls to mark_time(): 4.58267 seconds.
